<?xml version="1.0" encoding="UTF-8"?>
<!-- Generated by org.testng.reporters.JUnitXMLReporter -->
<testsuite hostname="LAPTOP-MC7Q49HB" ignored="0" name="Test" tests="1" failures="0" timestamp="26 May 2022 12:47:02 GMT" time="9.202" errors="0">
  <testcase name="@BeforeMethod beforeMethod" time="0.04" classname="com.sdetl1.generic.BaseClass">
    <failure type="java.lang.IllegalArgumentException" message="Keys to send should be a not null CharSequence">
      <![CDATA[java.lang.IllegalArgumentException: Keys to send should be a not null CharSequence
at org.openqa.selenium.remote.RemoteWebElement.sendKeys(RemoteWebElement.java:97)
at org.openqa.selenium.support.pagefactory.internal.LocatingElementHandler.invoke(LocatingElementHandler.java:51)
at com.sun.proxy.$Proxy11.sendKeys(Unknown Source)
at com.Vtiger.ObjectRepository.LoginPage.loginAction(LoginPage.java:29)
at com.sdetl1.generic.BaseClass.beforeMethod(BaseClass.java:105)
... Removed 35 stack frames]]>
    </failure>
  </testcase> <!-- @BeforeMethod beforeMethod -->
  <testcase name="@AfterMethod afterMethod" time="0.0" classname="com.sdetl1.generic.BaseClass">
    <skipped/>
  </testcase> <!-- @AfterMethod afterMethod -->
  <testcase name="@AfterClass afterClass" time="0.0" classname="com.sdetl1.generic.BaseClass">
    <skipped/>
  </testcase> <!-- @AfterClass afterClass -->
  <testcase name="createProductPropTest" time="0.0" classname="com.vtiger.createProduct.CreateProductTest">
    <skipped/>
  </testcase> <!-- createProductPropTest -->
</testsuite> <!-- Test -->
